Determining if the pthread_create exist failed with the following output:
Change Dir: /home/yan/project-embedded-sys/sceneTextOCR/build/CMakeFiles/CMakeTmp

Run Build Command:"/usr/bin/make" "cmTC_6fbb6/fast"
/usr/bin/make -f CMakeFiles/cmTC_6fbb6.dir/build.make CMakeFiles/cmTC_6fbb6.dir/build
make[1]: Entering directory '/home/yan/project-embedded-sys/sceneTextOCR/build/CMakeFiles/CMakeTmp'
Building C object CMakeFiles/cmTC_6fbb6.dir/CheckSymbolExists.c.o
/usr/bin/cc    -fPIC    -o CMakeFiles/cmTC_6fbb6.dir/CheckSymbolExists.c.o   -c /home/yan/project-embedded-sys/sceneTextOCR/build/CMakeFiles/CMakeTmp/CheckSymbolExists.c
Linking C executable cmTC_6fbb6
/usr/bin/cmake -E cmake_link_script CMakeFiles/cmTC_6fbb6.dir/link.txt --verbose=1
/usr/bin/cc  -fPIC     CMakeFiles/cmTC_6fbb6.dir/CheckSymbolExists.c.o  -o cmTC_6fbb6 -rdynamic 
CMakeFiles/cmTC_6fbb6.dir/CheckSymbolExists.c.o: In function `main':
CheckSymbolExists.c:(.text+0x1b): undefined reference to `pthread_create'
collect2: error: ld returned 1 exit status
CMakeFiles/cmTC_6fbb6.dir/build.make:97: recipe for target 'cmTC_6fbb6' failed
make[1]: *** [cmTC_6fbb6] Error 1
make[1]: Leaving directory '/home/yan/project-embedded-sys/sceneTextOCR/build/CMakeFiles/CMakeTmp'
Makefile:126: recipe for target 'cmTC_6fbb6/fast' failed
make: *** [cmTC_6fbb6/fast] Error 2

File /home/yan/project-embedded-sys/sceneTextOCR/build/CMakeFiles/CMakeTmp/CheckSymbolExists.c:
/* */
#include <pthread.h>

int main(int argc, char** argv)
{
  (void)argv;
#ifndef pthread_create
  return ((int*)(&pthread_create))[argc];
#else
  (void)argc;
  return 0;
#endif
}

Determining if the function pthread_create exists in the pthreads failed with the following output:
Change Dir: /home/yan/project-embedded-sys/sceneTextOCR/build/CMakeFiles/CMakeTmp

Run Build Command:"/usr/bin/make" "cmTC_10f12/fast"
/usr/bin/make -f CMakeFiles/cmTC_10f12.dir/build.make CMakeFiles/cmTC_10f12.dir/build
make[1]: Entering directory '/home/yan/project-embedded-sys/sceneTextOCR/build/CMakeFiles/CMakeTmp'
Building C object CMakeFiles/cmTC_10f12.dir/CheckFunctionExists.c.o
/usr/bin/cc    -fPIC -DCHECK_FUNCTION_EXISTS=pthread_create   -o CMakeFiles/cmTC_10f12.dir/CheckFunctionExists.c.o   -c /usr/share/cmake-3.5/Modules/CheckFunctionExists.c
Linking C executable cmTC_10f12
/usr/bin/cmake -E cmake_link_script CMakeFiles/cmTC_10f12.dir/link.txt --verbose=1
/usr/bin/cc  -fPIC -DCHECK_FUNCTION_EXISTS=pthread_create    CMakeFiles/cmTC_10f12.dir/CheckFunctionExists.c.o  -o cmTC_10f12 -rdynamic -lpthreads 
/usr/bin/ld: cannot find -lpthreads
collect2: error: ld returned 1 exit status
CMakeFiles/cmTC_10f12.dir/build.make:97: recipe for target 'cmTC_10f12' failed
make[1]: *** [cmTC_10f12] Error 1
make[1]: Leaving directory '/home/yan/project-embedded-sys/sceneTextOCR/build/CMakeFiles/CMakeTmp'
Makefile:126: recipe for target 'cmTC_10f12/fast' failed
make: *** [cmTC_10f12/fast] Error 2


